This file contains any messages produced by compilers while
running configure, to aid debugging if configure makes a mistake.

It was created by luaposix configure 33.3.1, which was
generated by GNU Autoconf 2.69.  Invocation command line was

  $ ./configure LUA_INCLUDE=-I/usr/local/include/luajit-2.0/ LUA=luajit

## --------- ##
## Platform. ##
## --------- ##

hostname = darksnake-pc
uname -m = x86_64
uname -r = 3.16.0-41-generic
uname -s = Linux
uname -v = #57~14.04.1-Ubuntu SMP Thu Jun 18 18:01:13 UTC 2015

/usr/bin/uname -p = unknown
/bin/uname -X     = unknown

/bin/arch              = unknown
/usr/bin/arch -k       = unknown
/usr/convex/getsysinfo = unknown
/usr/bin/hostinfo      = unknown
/bin/machine           = unknown
/usr/bin/oslevel       = unknown
/bin/universe          = unknown

PATH: /usr/local/sbin
PATH: /usr/local/bin
PATH: /usr/sbin
PATH: /usr/bin
PATH: /sbin
PATH: /bin
PATH: /usr/games
PATH: /usr/local/games
PATH: /home/darksnake/.composer/vendor/bin
PATH: /home/darksnake/android-studio/bin


## ----------- ##
## Core tests. ##
## ----------- ##

configure:2356: checking for a BSD-compatible install
configure:2424: result: /usr/bin/install -c
configure:2435: checking whether build environment is sane
configure:2490: result: yes
configure:2641: checking for a thread-safe mkdir -p
configure:2680: result: /bin/mkdir -p
configure:2687: checking for gawk
configure:2703: found /usr/bin/gawk
configure:2714: result: gawk
configure:2725: checking whether make sets $(MAKE)
configure:2747: result: yes
configure:2776: checking whether make supports nested variables
configure:2793: result: yes
configure:2930: checking whether make supports nested variables
configure:2947: result: yes
configure:3008: checking for gcc
configure:3024: found /usr/bin/gcc
configure:3035: result: gcc
configure:3264: checking for C compiler version
configure:3273: gcc --version >&5
gcc (Ubuntu 4.8.4-2ubuntu1~14.04) 4.8.4
Copyright (C) 2013 Free Software Foundation, Inc.
This is free software; see the source for copying conditions.  There is NO
warranty; not even for MERCHANTABILITY or FITNESS FOR A PARTICULAR PURPOSE.

configure:3284: $? = 0
configure:3273: gcc -v >&5
Using built-in specs.
COLLECT_GCC=gcc
COLLECT_LTO_WRAPPER=/usr/lib/gcc/x86_64-linux-gnu/4.8/lto-wrapper
Target: x86_64-linux-gnu
Configured with: ../src/configure -v --with-pkgversion='Ubuntu 4.8.4-2ubuntu1~14.04' --with-bugurl=file:///usr/share/doc/gcc-4.8/README.Bugs --enable-languages=c,c++,java,go,d,fortran,objc,obj-c++ --prefix=/usr --program-suffix=-4.8 --enable-shared --enable-linker-build-id --libexecdir=/usr/lib --without-included-gettext --enable-threads=posix --with-gxx-include-dir=/usr/include/c++/4.8 --libdir=/usr/lib --enable-nls --with-sysroot=/ --enable-clocale=gnu --enable-libstdcxx-debug --enable-libstdcxx-time=yes --enable-gnu-unique-object --disable-libmudflap --enable-plugin --with-system-zlib --disable-browser-plugin --enable-java-awt=gtk --enable-gtk-cairo --with-java-home=/usr/lib/jvm/java-1.5.0-gcj-4.8-amd64/jre --enable-java-home --with-jvm-root-dir=/usr/lib/jvm/java-1.5.0-gcj-4.8-amd64 --with-jvm-jar-dir=/usr/lib/jvm-exports/java-1.5.0-gcj-4.8-amd64 --with-arch-directory=amd64 --with-ecj-jar=/usr/share/java/eclipse-ecj.jar --enable-objc-gc --enable-multiarch --disable-werror --with-arch-32=i686 --with-abi=m64 --with-multilib-list=m32,m64,mx32 --with-tune=generic --enable-checking=release --build=x86_64-linux-gnu --host=x86_64-linux-gnu --target=x86_64-linux-gnu
Thread model: posix
gcc version 4.8.4 (Ubuntu 4.8.4-2ubuntu1~14.04) 
configure:3284: $? = 0
configure:3273: gcc -V >&5
gcc: error: unrecognized command line option '-V'
gcc: fatal error: no input files
compilation terminated.
configure:3284: $? = 4
configure:3273: gcc -qversion >&5
gcc: error: unrecognized command line option '-qversion'
gcc: fatal error: no input files
compilation terminated.
configure:3284: $? = 4
configure:3304: checking whether the C compiler works
configure:3326: gcc    conftest.c  >&5
configure:3330: $? = 0
configure:3378: result: yes
configure:3381: checking for C compiler default output file name
configure:3383: result: a.out
configure:3389: checking for suffix of executables
configure:3396: gcc -o conftest    conftest.c  >&5
configure:3400: $? = 0
configure:3422: result: 
configure:3444: checking whether we are cross compiling
configure:3452: gcc -o conftest    conftest.c  >&5
configure:3456: $? = 0
configure:3463: ./conftest
configure:3467: $? = 0
configure:3482: result: no
configure:3487: checking for suffix of object files
configure:3509: gcc -c   conftest.c >&5
configure:3513: $? = 0
configure:3534: result: o
configure:3538: checking whether we are using the GNU C compiler
configure:3557: gcc -c   conftest.c >&5
configure:3557: $? = 0
configure:3566: result: yes
configure:3575: checking whether gcc accepts -g
configure:3595: gcc -c -g  conftest.c >&5
configure:3595: $? = 0
configure:3636: result: yes
configure:3653: checking for gcc option to accept ISO C89
configure:3716: gcc  -c -g -O2  conftest.c >&5
configure:3716: $? = 0
configure:3729: result: none needed
configure:3754: checking whether gcc understands -c and -o together
configure:3776: gcc -c conftest.c -o conftest2.o
configure:3779: $? = 0
configure:3776: gcc -c conftest.c -o conftest2.o
configure:3779: $? = 0
configure:3791: result: yes
configure:3819: checking for style of include used by make
configure:3847: result: GNU
configure:3873: checking dependency style of gcc
configure:3984: result: gcc3
configure:4005: checking how to run the C preprocessor
configure:4036: gcc -E  conftest.c
configure:4036: $? = 0
configure:4050: gcc -E  conftest.c
conftest.c:11:28: fatal error: ac_nonexistent.h: No such file or directory
 #include <ac_nonexistent.h>
                            ^
compilation terminated.
configure:4050: $? = 1
configure: failed program was:
| /* confdefs.h */
| #define PACKAGE_NAME "luaposix"
| #define PACKAGE_TARNAME "luaposix"
| #define PACKAGE_VERSION "33.3.1"
| #define PACKAGE_STRING "luaposix 33.3.1"
| #define PACKAGE_BUGREPORT "http://github.com/luaposix/luaposix/issues"
| #define PACKAGE_URL ""
| #define PACKAGE "luaposix"
| #define VERSION "33.3.1"
| /* end confdefs.h.  */
| #include <ac_nonexistent.h>
configure:4075: result: gcc -E
configure:4095: gcc -E  conftest.c
configure:4095: $? = 0
configure:4109: gcc -E  conftest.c
conftest.c:11:28: fatal error: ac_nonexistent.h: No such file or directory
 #include <ac_nonexistent.h>
                            ^
compilation terminated.
configure:4109: $? = 1
configure: failed program was:
| /* confdefs.h */
| #define PACKAGE_NAME "luaposix"
| #define PACKAGE_TARNAME "luaposix"
| #define PACKAGE_VERSION "33.3.1"
| #define PACKAGE_STRING "luaposix 33.3.1"
| #define PACKAGE_BUGREPORT "http://github.com/luaposix/luaposix/issues"
| #define PACKAGE_URL ""
| #define PACKAGE "luaposix"
| #define VERSION "33.3.1"
| /* end confdefs.h.  */
| #include <ac_nonexistent.h>
configure:4138: checking for grep that handles long lines and -e
configure:4196: result: /bin/grep
configure:4201: checking for egrep
configure:4263: result: /bin/grep -E
configure:4270: checking for Minix Amsterdam compiler
configure:4294: result: no
configure:4346: checking for ar
configure:4362: found /usr/bin/ar
configure:4373: result: ar
configure:4453: checking for ranlib
configure:4469: found /usr/bin/ranlib
configure:4480: result: ranlib
configure:4512: checking for egrep
configure:4574: result: /bin/grep -E
configure:4579: checking for a sed that does not truncate output
configure:4643: result: /bin/sed
configure:4654: checking for ANSI C header files
configure:4674: gcc -c -g -O2  conftest.c >&5
configure:4674: $? = 0
configure:4747: gcc -o conftest -g -O2   conftest.c  >&5
configure:4747: $? = 0
configure:4747: ./conftest
configure:4747: $? = 0
configure:4758: result: yes
configure:4771: checking for sys/types.h
configure:4771: gcc -c -g -O2  conftest.c >&5
configure:4771: $? = 0
configure:4771: result: yes
configure:4771: checking for sys/stat.h
configure:4771: gcc -c -g -O2  conftest.c >&5
configure:4771: $? = 0
configure:4771: result: yes
configure:4771: checking for stdlib.h
configure:4771: gcc -c -g -O2  conftest.c >&5
configure:4771: $? = 0
configure:4771: result: yes
configure:4771: checking for string.h
configure:4771: gcc -c -g -O2  conftest.c >&5
configure:4771: $? = 0
configure:4771: result: yes
configure:4771: checking for memory.h
configure:4771: gcc -c -g -O2  conftest.c >&5
configure:4771: $? = 0
configure:4771: result: yes
configure:4771: checking for strings.h
configure:4771: gcc -c -g -O2  conftest.c >&5
configure:4771: $? = 0
configure:4771: result: yes
configure:4771: checking for inttypes.h
configure:4771: gcc -c -g -O2  conftest.c >&5
configure:4771: $? = 0
configure:4771: result: yes
configure:4771: checking for stdint.h
configure:4771: gcc -c -g -O2  conftest.c >&5
configure:4771: $? = 0
configure:4771: result: yes
configure:4771: checking for unistd.h
configure:4771: gcc -c -g -O2  conftest.c >&5
configure:4771: $? = 0
configure:4771: result: yes
configure:4784: checking minix/config.h usability
configure:4784: gcc -c -g -O2  conftest.c >&5
conftest.c:54:26: fatal error: minix/config.h: No such file or directory
 #include <minix/config.h>
                          ^
compilation terminated.
configure:4784: $? = 1
configure: failed program was:
| /* confdefs.h */
| #define PACKAGE_NAME "luaposix"
| #define PACKAGE_TARNAME "luaposix"
| #define PACKAGE_VERSION "33.3.1"
| #define PACKAGE_STRING "luaposix 33.3.1"
| #define PACKAGE_BUGREPORT "http://github.com/luaposix/luaposix/issues"
| #define PACKAGE_URL ""
| #define PACKAGE "luaposix"
| #define VERSION "33.3.1"
| #define STDC_HEADERS 1
| #define HAVE_SYS_TYPES_H 1
| #define HAVE_SYS_STAT_H 1
| #define HAVE_STDLIB_H 1
| #define HAVE_STRING_H 1
| #define HAVE_MEMORY_H 1
| #define HAVE_STRINGS_H 1
| #define HAVE_INTTYPES_H 1
| #define HAVE_STDINT_H 1
| #define HAVE_UNISTD_H 1
| /* end confdefs.h.  */
| #include <stdio.h>
| #ifdef HAVE_SYS_TYPES_H
| # include <sys/types.h>
| #endif
| #ifdef HAVE_SYS_STAT_H
| # include <sys/stat.h>
| #endif
| #ifdef STDC_HEADERS
| # include <stdlib.h>
| # include <stddef.h>
| #else
| # ifdef HAVE_STDLIB_H
| #  include <stdlib.h>
| # endif
| #endif
| #ifdef HAVE_STRING_H
| # if !defined STDC_HEADERS && defined HAVE_MEMORY_H
| #  include <memory.h>
| # endif
| # include <string.h>
| #endif
| #ifdef HAVE_STRINGS_H
| # include <strings.h>
| #endif
| #ifdef HAVE_INTTYPES_H
| # include <inttypes.h>
| #endif
| #ifdef HAVE_STDINT_H
| # include <stdint.h>
| #endif
| #ifdef HAVE_UNISTD_H
| # include <unistd.h>
| #endif
| #include <minix/config.h>
configure:4784: result: no
configure:4784: checking minix/config.h presence
configure:4784: gcc -E  conftest.c
conftest.c:21:26: fatal error: minix/config.h: No such file or directory
 #include <minix/config.h>
                          ^
compilation terminated.
configure:4784: $? = 1
configure: failed program was:
| /* confdefs.h */
| #define PACKAGE_NAME "luaposix"
| #define PACKAGE_TARNAME "luaposix"
| #define PACKAGE_VERSION "33.3.1"
| #define PACKAGE_STRING "luaposix 33.3.1"
| #define PACKAGE_BUGREPORT "http://github.com/luaposix/luaposix/issues"
| #define PACKAGE_URL ""
| #define PACKAGE "luaposix"
| #define VERSION "33.3.1"
| #define STDC_HEADERS 1
| #define HAVE_SYS_TYPES_H 1
| #define HAVE_SYS_STAT_H 1
| #define HAVE_STDLIB_H 1
| #define HAVE_STRING_H 1
| #define HAVE_MEMORY_H 1
| #define HAVE_STRINGS_H 1
| #define HAVE_INTTYPES_H 1
| #define HAVE_STDINT_H 1
| #define HAVE_UNISTD_H 1
| /* end confdefs.h.  */
| #include <minix/config.h>
configure:4784: result: no
configure:4784: checking for minix/config.h
configure:4784: result: no
configure:4805: checking whether it is safe to define __EXTENSIONS__
configure:4823: gcc -c -g -O2  conftest.c >&5
configure:4823: $? = 0
configure:4830: result: yes
configure:4848: checking build system type
configure:4862: result: x86_64-unknown-linux-gnu
configure:4882: checking host system type
configure:4895: result: x86_64-unknown-linux-gnu
configure:5584: checking the archiver (ar) interface
configure:5600: gcc -c -g -O2  conftest.c >&5
configure:5600: $? = 0
configure:5602: ar cru libconftest.a conftest.o >&5
configure:5605: $? = 0
configure:5633: result: ar
configure:5701: checking how to print strings
configure:5728: result: printf
configure:5749: checking for a sed that does not truncate output
configure:5813: result: /bin/sed
configure:5831: checking for fgrep
configure:5893: result: /bin/grep -F
configure:5928: checking for ld used by gcc
configure:5995: result: /usr/bin/ld
configure:6002: checking if the linker (/usr/bin/ld) is GNU ld
configure:6017: result: yes
configure:6029: checking for BSD- or MS-compatible name lister (nm)
configure:6083: result: /usr/bin/nm -B
configure:6213: checking the name lister (/usr/bin/nm -B) interface
configure:6220: gcc -c -g -O2  conftest.c >&5
configure:6223: /usr/bin/nm -B "conftest.o"
configure:6226: output
0000000000000000 B some_variable
configure:6233: result: BSD nm
configure:6236: checking whether ln -s works
configure:6240: result: yes
configure:6248: checking the maximum length of command line arguments
configure:6379: result: 1572864
configure:6427: checking how to convert x86_64-unknown-linux-gnu file names to x86_64-unknown-linux-gnu format
configure:6467: result: func_convert_file_noop
configure:6474: checking how to convert x86_64-unknown-linux-gnu file names to toolchain format
configure:6494: result: func_convert_file_noop
configure:6501: checking for /usr/bin/ld option to reload object files
configure:6508: result: -r
configure:6582: checking for objdump
configure:6598: found /usr/bin/objdump
configure:6609: result: objdump
configure:6641: checking how to recognize dependent libraries
configure:6841: result: pass_all
configure:6926: checking for dlltool
configure:6956: result: no
configure:6986: checking how to associate runtime and link libraries
configure:7013: result: printf %s\n
configure:7137: checking for archiver @FILE support
configure:7154: gcc -c -g -O2  conftest.c >&5
configure:7154: $? = 0
configure:7157: ar cru libconftest.a @conftest.lst >&5
configure:7160: $? = 0
configure:7165: ar cru libconftest.a @conftest.lst >&5
ar: conftest.o: No such file or directory
configure:7168: $? = 1
configure:7180: result: @
configure:7238: checking for strip
configure:7254: found /usr/bin/strip
configure:7265: result: strip
configure:7337: checking for ranlib
configure:7364: result: ranlib
configure:7466: checking command to parse /usr/bin/nm -B output from gcc object
configure:7619: gcc -c -g -O2  conftest.c >&5
configure:7622: $? = 0
configure:7626: /usr/bin/nm -B conftest.o \| sed -n -e 's/^.*[ ]\([ABCDGIRSTW][ABCDGIRSTW]*\)[ ][ ]*\([_A-Za-z][_A-Za-z0-9]*\)$/\1 \2 \2/p' | sed '/ __gnu_lto/d' \> conftest.nm
configure:7629: $? = 0
configure:7695: gcc -o conftest -g -O2   conftest.c conftstm.o >&5
configure:7698: $? = 0
configure:7736: result: ok
configure:7783: checking for sysroot
configure:7813: result: no
configure:7820: checking for a working dd
configure:7858: result: /bin/dd
configure:7862: checking how to truncate binary pipes
configure:7877: result: /bin/dd bs=4096 count=1
configure:8013: gcc -c -g -O2  conftest.c >&5
configure:8016: $? = 0
configure:8206: checking for mt
configure:8222: found /bin/mt
configure:8233: result: mt
configure:8256: checking if mt is a manifest tool
configure:8262: mt '-?'
configure:8270: result: no
configure:8944: checking for dlfcn.h
configure:8944: gcc -c -g -O2  conftest.c >&5
configure:8944: $? = 0
configure:8944: result: yes
configure:9199: checking for objdir
configure:9214: result: .libs
configure:9478: checking if gcc supports -fno-rtti -fno-exceptions
configure:9496: gcc -c -g -O2  -fno-rtti -fno-exceptions conftest.c >&5
cc1: warning: command line option '-fno-rtti' is valid for C++/ObjC++ but not for C [enabled by default]
configure:9500: $? = 0
configure:9513: result: no
configure:9871: checking for gcc option to produce PIC
configure:9878: result: -fPIC -DPIC
configure:9886: checking if gcc PIC flag -fPIC -DPIC works
configure:9904: gcc -c -g -O2  -fPIC -DPIC -DPIC conftest.c >&5
configure:9908: $? = 0
configure:9921: result: yes
configure:9950: checking if gcc static flag -static works
configure:9978: result: yes
configure:9993: checking if gcc supports -c -o file.o
configure:10014: gcc -c -g -O2  -o out/conftest2.o conftest.c >&5
configure:10018: $? = 0
configure:10040: result: yes
configure:10048: checking if gcc supports -c -o file.o
configure:10095: result: yes
configure:10128: checking whether the gcc linker (/usr/bin/ld -m elf_x86_64) supports shared libraries
configure:11387: result: yes
configure:11424: checking whether -lc should be explicitly linked in
configure:11432: gcc -c -g -O2  conftest.c >&5
configure:11435: $? = 0
configure:11450: gcc -shared  -fPIC -DPIC conftest.o  -v -Wl,-soname -Wl,conftest -o conftest 2\>\&1 \| /bin/grep  -lc  \>/dev/null 2\>\&1
configure:11453: $? = 0
configure:11467: result: no
configure:11627: checking dynamic linker characteristics
configure:12208: gcc -o conftest -g -O2   -Wl,-rpath -Wl,/foo conftest.c  >&5
configure:12208: $? = 0
configure:12445: result: GNU/Linux ld.so
configure:12567: checking how to hardcode library paths into programs
configure:12592: result: immediate
configure:13140: checking whether stripping libraries is possible
configure:13145: result: yes
configure:13180: checking if libtool supports shared libraries
configure:13182: result: yes
configure:13185: checking whether to build shared libraries
configure:13210: result: yes
configure:13213: checking whether to build static libraries
configure:13217: result: no
configure:13325: checking for ANSI C header files
configure:13429: result: yes
configure:13440: checking crypt.h usability
configure:13440: gcc -c -g -O2  conftest.c >&5
configure:13440: $? = 0
configure:13440: result: yes
configure:13440: checking crypt.h presence
configure:13440: gcc -E  conftest.c
configure:13440: $? = 0
configure:13440: result: yes
configure:13440: checking for crypt.h
configure:13440: result: yes
configure:13440: checking for strings.h
configure:13440: result: yes
configure:13440: checking sys/statvfs.h usability
configure:13440: gcc -c -g -O2  conftest.c >&5
configure:13440: $? = 0
configure:13440: result: yes
configure:13440: checking sys/statvfs.h presence
configure:13440: gcc -E  conftest.c
configure:13440: $? = 0
configure:13440: result: yes
configure:13440: checking for sys/statvfs.h
configure:13440: result: yes
configure:13453: checking for net/if.h
configure:13453: gcc -c -g -O2  conftest.c >&5
configure:13453: $? = 0
configure:13453: result: yes
configure:13453: checking for linux/netlink.h
configure:13453: gcc -c -g -O2  conftest.c >&5
configure:13453: $? = 0
configure:13453: result: yes
configure:13470: checking sys/msg.h usability
configure:13470: gcc -c -g -O2  conftest.c >&5
configure:13470: $? = 0
configure:13470: result: yes
configure:13470: checking sys/msg.h presence
configure:13470: gcc -E  conftest.c
configure:13470: $? = 0
configure:13470: result: yes
configure:13470: checking for sys/msg.h
configure:13470: result: yes
configure:13483: checking for msgrcv
configure:13483: gcc -o conftest -g -O2   conftest.c  >&5
configure:13483: $? = 0
configure:13483: result: yes
configure:13483: checking for msgsnd
configure:13483: gcc -o conftest -g -O2   conftest.c  >&5
configure:13483: $? = 0
configure:13483: result: yes
configure:13502: checking whether fdatasync is declared
configure:13502: gcc -c -g -O2  conftest.c >&5
configure:13502: $? = 0
configure:13502: result: yes
configure:13525: checking for library containing crypt
configure:13556: gcc -o conftest -g -O2   conftest.c  >&5
/tmp/cctAg8tf.o: In function `main':
/opt/nekolua/luadev/luaposix/conftest.c:50: undefined reference to `crypt'
collect2: error: ld returned 1 exit status
configure:13556: $? = 1
configure: failed program was:
| /* confdefs.h */
| #define PACKAGE_NAME "luaposix"
| #define PACKAGE_TARNAME "luaposix"
| #define PACKAGE_VERSION "33.3.1"
| #define PACKAGE_STRING "luaposix 33.3.1"
| #define PACKAGE_BUGREPORT "http://github.com/luaposix/luaposix/issues"
| #define PACKAGE_URL ""
| #define PACKAGE "luaposix"
| #define VERSION "33.3.1"
| #define STDC_HEADERS 1
| #define HAVE_SYS_TYPES_H 1
| #define HAVE_SYS_STAT_H 1
| #define HAVE_STDLIB_H 1
| #define HAVE_STRING_H 1
| #define HAVE_MEMORY_H 1
| #define HAVE_STRINGS_H 1
| #define HAVE_INTTYPES_H 1
| #define HAVE_STDINT_H 1
| #define HAVE_UNISTD_H 1
| #define __EXTENSIONS__ 1
| #define _ALL_SOURCE 1
| #define _GNU_SOURCE 1
| #define _POSIX_PTHREAD_SEMANTICS 1
| #define _TANDEM_SOURCE 1
| #define HAVE_DLFCN_H 1
| #define LT_OBJDIR ".libs/"
| #define STDC_HEADERS 1
| #define HAVE_CRYPT_H 1
| #define HAVE_STRINGS_H 1
| #define HAVE_SYS_STATVFS_H 1
| #define HAVE_NET_IF_H 1
| #define HAVE_LINUX_NETLINK_H 1
| #define HAVE_SYS_MSG_H 1
| #define HAVE_MSGRCV 1
| #define HAVE_MSGSND 1
| #define HAVE_SYSV_MESSAGING 1
| #define HAVE_DECL_FDATASYNC 1
| /* end confdefs.h.  */
| 
| /* Override any GCC internal prototype to avoid an error.
|    Use char because int might match the return type of a GCC
|    builtin and then its argument prototype would still apply.  */
| #ifdef __cplusplus
| extern "C"
| #endif
| char crypt ();
| int
| main ()
| {
| return crypt ();
|   ;
|   return 0;
| }
configure:13556: gcc -o conftest -g -O2   conftest.c -lcrypt   >&5
configure:13556: $? = 0
configure:13573: result: -lcrypt
configure:13590: checking for library containing socket
configure:13621: gcc -o conftest -g -O2   conftest.c  >&5
configure:13621: $? = 0
configure:13638: result: none required
configure:13653: checking for clock_gettime in -lrt
configure:13678: gcc -o conftest -g -O2   conftest.c -lrt   >&5
configure:13678: $? = 0
configure:13687: result: yes
configure:13737: checking for NcursesW wide-character library
configure:13761: gcc -o conftest -g -O2   conftest.c  -lncursesw >&5
/usr/bin/ld: cannot find -lncursesw
collect2: error: ld returned 1 exit status
configure:13761: $? = 1
configure: failed program was:
| /* confdefs.h */
| #define PACKAGE_NAME "luaposix"
| #define PACKAGE_TARNAME "luaposix"
| #define PACKAGE_VERSION "33.3.1"
| #define PACKAGE_STRING "luaposix 33.3.1"
| #define PACKAGE_BUGREPORT "http://github.com/luaposix/luaposix/issues"
| #define PACKAGE_URL ""
| #define PACKAGE "luaposix"
| #define VERSION "33.3.1"
| #define STDC_HEADERS 1
| #define HAVE_SYS_TYPES_H 1
| #define HAVE_SYS_STAT_H 1
| #define HAVE_STDLIB_H 1
| #define HAVE_STRING_H 1
| #define HAVE_MEMORY_H 1
| #define HAVE_STRINGS_H 1
| #define HAVE_INTTYPES_H 1
| #define HAVE_STDINT_H 1
| #define HAVE_UNISTD_H 1
| #define __EXTENSIONS__ 1
| #define _ALL_SOURCE 1
| #define _GNU_SOURCE 1
| #define _POSIX_PTHREAD_SEMANTICS 1
| #define _TANDEM_SOURCE 1
| #define HAVE_DLFCN_H 1
| #define LT_OBJDIR ".libs/"
| #define STDC_HEADERS 1
| #define HAVE_CRYPT_H 1
| #define HAVE_STRINGS_H 1
| #define HAVE_SYS_STATVFS_H 1
| #define HAVE_NET_IF_H 1
| #define HAVE_LINUX_NETLINK_H 1
| #define HAVE_SYS_MSG_H 1
| #define HAVE_MSGRCV 1
| #define HAVE_MSGSND 1
| #define HAVE_SYSV_MESSAGING 1
| #define HAVE_DECL_FDATASYNC 1
| #define HAVE_CRYPT 1
| #define HAVE_LIBRT 1
| /* end confdefs.h.  */
| 
| /* Override any GCC internal prototype to avoid an error.
|    Use char because int might match the return type of a GCC
|    builtin and then its argument prototype would still apply.  */
| #ifdef __cplusplus
| extern "C"
| #endif
| char initscr ();
| int
| main ()
| {
| return initscr ();
|   ;
|   return 0;
| }
configure:13770: result: no
configure:13999: checking for Ncurses library
configure:14023: gcc -o conftest -g -O2   conftest.c  -lncurses >&5
configure:14023: $? = 0
configure:14032: result: yes
configure:14052: checking for working ncurses/curses.h
configure:14079: gcc -o conftest -g -O2   conftest.c  -lncurses >&5
conftest.c:44:52: fatal error: ncurses/curses.h: No such file or directory
                         #include <ncurses/curses.h>
                                                    ^
compilation terminated.
configure:14079: $? = 1
configure: failed program was:
| /* confdefs.h */
| #define PACKAGE_NAME "luaposix"
| #define PACKAGE_TARNAME "luaposix"
| #define PACKAGE_VERSION "33.3.1"
| #define PACKAGE_STRING "luaposix 33.3.1"
| #define PACKAGE_BUGREPORT "http://github.com/luaposix/luaposix/issues"
| #define PACKAGE_URL ""
| #define PACKAGE "luaposix"
| #define VERSION "33.3.1"
| #define STDC_HEADERS 1
| #define HAVE_SYS_TYPES_H 1
| #define HAVE_SYS_STAT_H 1
| #define HAVE_STDLIB_H 1
| #define HAVE_STRING_H 1
| #define HAVE_MEMORY_H 1
| #define HAVE_STRINGS_H 1
| #define HAVE_INTTYPES_H 1
| #define HAVE_STDINT_H 1
| #define HAVE_UNISTD_H 1
| #define __EXTENSIONS__ 1
| #define _ALL_SOURCE 1
| #define _GNU_SOURCE 1
| #define _POSIX_PTHREAD_SEMANTICS 1
| #define _TANDEM_SOURCE 1
| #define HAVE_DLFCN_H 1
| #define LT_OBJDIR ".libs/"
| #define STDC_HEADERS 1
| #define HAVE_CRYPT_H 1
| #define HAVE_STRINGS_H 1
| #define HAVE_SYS_STATVFS_H 1
| #define HAVE_NET_IF_H 1
| #define HAVE_LINUX_NETLINK_H 1
| #define HAVE_SYS_MSG_H 1
| #define HAVE_MSGRCV 1
| #define HAVE_MSGSND 1
| #define HAVE_SYSV_MESSAGING 1
| #define HAVE_DECL_FDATASYNC 1
| #define HAVE_CRYPT 1
| #define HAVE_LIBRT 1
| #define HAVE_NCURSES 1
| #define HAVE_CURSES 1
| /* end confdefs.h.  */
| 
|                         #include <ncurses/curses.h>
| 
| int
| main ()
| {
| 
|                         chtype a = A_BOLD;
|                         int b = KEY_LEFT;
|                         chtype c = COLOR_PAIR(1) & A_COLOR;
|                         int g = getattrs(stdscr);
|                         int h = getcurx(stdscr) + getmaxx(stdscr);
|                         initscr();
|                         init_pair(1, COLOR_WHITE, COLOR_RED);
| 
|   ;
|   return 0;
| }
configure:14088: result: no
configure:14106: checking for working ncurses.h
configure:14133: gcc -o conftest -g -O2   conftest.c  -lncurses >&5
configure:14133: $? = 0
configure:14142: result: yes
configure:14466: checking for resizeterm
configure:14466: gcc -o conftest -g -O2   conftest.c -lncurses  >&5
configure:14466: $? = 0
configure:14466: result: yes
configure:14480: checking for strlcpy
configure:14480: gcc -o conftest -g -O2   conftest.c  >&5
/tmp/ccvvyYtS.o: In function `main':
/opt/nekolua/luadev/luaposix/conftest.c:81: undefined reference to `strlcpy'
collect2: error: ld returned 1 exit status
configure:14480: $? = 1
configure: failed program was:
| /* confdefs.h */
| #define PACKAGE_NAME "luaposix"
| #define PACKAGE_TARNAME "luaposix"
| #define PACKAGE_VERSION "33.3.1"
| #define PACKAGE_STRING "luaposix 33.3.1"
| #define PACKAGE_BUGREPORT "http://github.com/luaposix/luaposix/issues"
| #define PACKAGE_URL ""
| #define PACKAGE "luaposix"
| #define VERSION "33.3.1"
| #define STDC_HEADERS 1
| #define HAVE_SYS_TYPES_H 1
| #define HAVE_SYS_STAT_H 1
| #define HAVE_STDLIB_H 1
| #define HAVE_STRING_H 1
| #define HAVE_MEMORY_H 1
| #define HAVE_STRINGS_H 1
| #define HAVE_INTTYPES_H 1
| #define HAVE_STDINT_H 1
| #define HAVE_UNISTD_H 1
| #define __EXTENSIONS__ 1
| #define _ALL_SOURCE 1
| #define _GNU_SOURCE 1
| #define _POSIX_PTHREAD_SEMANTICS 1
| #define _TANDEM_SOURCE 1
| #define HAVE_DLFCN_H 1
| #define LT_OBJDIR ".libs/"
| #define STDC_HEADERS 1
| #define HAVE_CRYPT_H 1
| #define HAVE_STRINGS_H 1
| #define HAVE_SYS_STATVFS_H 1
| #define HAVE_NET_IF_H 1
| #define HAVE_LINUX_NETLINK_H 1
| #define HAVE_SYS_MSG_H 1
| #define HAVE_MSGRCV 1
| #define HAVE_MSGSND 1
| #define HAVE_SYSV_MESSAGING 1
| #define HAVE_DECL_FDATASYNC 1
| #define HAVE_CRYPT 1
| #define HAVE_LIBRT 1
| #define HAVE_NCURSES 1
| #define HAVE_CURSES 1
| #define HAVE_CURSES_COLOR 1
| #define HAVE_CURSES_OBSOLETE 1
| #define HAVE_NCURSES_H 1
| #define HAVE_RESIZETERM 1
| /* end confdefs.h.  */
| /* Define strlcpy to an innocuous variant, in case <limits.h> declares strlcpy.
|    For example, HP-UX 11i <limits.h> declares gettimeofday.  */
| #define strlcpy innocuous_strlcpy
| 
| /* System header to define __stub macros and hopefully few prototypes,
|     which can conflict with char strlcpy (); below.
|     Prefer <limits.h> to <assert.h> if __STDC__ is defined, since
|     <limits.h> exists even on freestanding compilers.  */
| 
| #ifdef __STDC__
| # include <limits.h>
| #else
| # include <assert.h>
| #endif
| 
| #undef strlcpy
| 
| /* Override any GCC internal prototype to avoid an error.
|    Use char because int might match the return type of a GCC
|    builtin and then its argument prototype would still apply.  */
| #ifdef __cplusplus
| extern "C"
| #endif
| char strlcpy ();
| /* The GNU C library defines this for functions which it implements
|     to always fail with ENOSYS.  Some functions are actually named
|     something starting with __ and the normal name is an alias.  */
| #if defined __stub_strlcpy || defined __stub___strlcpy
| choke me
| #endif
| 
| int
| main ()
| {
| return strlcpy ();
|   ;
|   return 0;
| }
configure:14480: result: no
configure:14503: checking for sched_getsheduler
configure:14503: gcc -o conftest -g -O2   conftest.c  >&5
/tmp/cclP2U2W.o: In function `main':
/opt/nekolua/luadev/luaposix/conftest.c:81: undefined reference to `sched_getsheduler'
collect2: error: ld returned 1 exit status
configure:14503: $? = 1
configure: failed program was:
| /* confdefs.h */
| #define PACKAGE_NAME "luaposix"
| #define PACKAGE_TARNAME "luaposix"
| #define PACKAGE_VERSION "33.3.1"
| #define PACKAGE_STRING "luaposix 33.3.1"
| #define PACKAGE_BUGREPORT "http://github.com/luaposix/luaposix/issues"
| #define PACKAGE_URL ""
| #define PACKAGE "luaposix"
| #define VERSION "33.3.1"
| #define STDC_HEADERS 1
| #define HAVE_SYS_TYPES_H 1
| #define HAVE_SYS_STAT_H 1
| #define HAVE_STDLIB_H 1
| #define HAVE_STRING_H 1
| #define HAVE_MEMORY_H 1
| #define HAVE_STRINGS_H 1
| #define HAVE_INTTYPES_H 1
| #define HAVE_STDINT_H 1
| #define HAVE_UNISTD_H 1
| #define __EXTENSIONS__ 1
| #define _ALL_SOURCE 1
| #define _GNU_SOURCE 1
| #define _POSIX_PTHREAD_SEMANTICS 1
| #define _TANDEM_SOURCE 1
| #define HAVE_DLFCN_H 1
| #define LT_OBJDIR ".libs/"
| #define STDC_HEADERS 1
| #define HAVE_CRYPT_H 1
| #define HAVE_STRINGS_H 1
| #define HAVE_SYS_STATVFS_H 1
| #define HAVE_NET_IF_H 1
| #define HAVE_LINUX_NETLINK_H 1
| #define HAVE_SYS_MSG_H 1
| #define HAVE_MSGRCV 1
| #define HAVE_MSGSND 1
| #define HAVE_SYSV_MESSAGING 1
| #define HAVE_DECL_FDATASYNC 1
| #define HAVE_CRYPT 1
| #define HAVE_LIBRT 1
| #define HAVE_NCURSES 1
| #define HAVE_CURSES 1
| #define HAVE_CURSES_COLOR 1
| #define HAVE_CURSES_OBSOLETE 1
| #define HAVE_NCURSES_H 1
| #define HAVE_RESIZETERM 1
| /* end confdefs.h.  */
| /* Define sched_getsheduler to an innocuous variant, in case <limits.h> declares sched_getsheduler.
|    For example, HP-UX 11i <limits.h> declares gettimeofday.  */
| #define sched_getsheduler innocuous_sched_getsheduler
| 
| /* System header to define __stub macros and hopefully few prototypes,
|     which can conflict with char sched_getsheduler (); below.
|     Prefer <limits.h> to <assert.h> if __STDC__ is defined, since
|     <limits.h> exists even on freestanding compilers.  */
| 
| #ifdef __STDC__
| # include <limits.h>
| #else
| # include <assert.h>
| #endif
| 
| #undef sched_getsheduler
| 
| /* Override any GCC internal prototype to avoid an error.
|    Use char because int might match the return type of a GCC
|    builtin and then its argument prototype would still apply.  */
| #ifdef __cplusplus
| extern "C"
| #endif
| char sched_getsheduler ();
| /* The GNU C library defines this for functions which it implements
|     to always fail with ENOSYS.  Some functions are actually named
|     something starting with __ and the normal name is an alias.  */
| #if defined __stub_sched_getsheduler || defined __stub___sched_getsheduler
| choke me
| #endif
| 
| int
| main ()
| {
| return sched_getsheduler ();
|   ;
|   return 0;
| }
configure:14503: result: no
configure:14503: checking for sched_setscheduler
configure:14503: gcc -o conftest -g -O2   conftest.c  >&5
configure:14503: $? = 0
configure:14503: result: yes
configure:14516: checking for statvfs
configure:14516: gcc -o conftest -g -O2   conftest.c  >&5
configure:14516: $? = 0
configure:14516: result: yes
configure:14530: checking for gethostid
configure:14530: gcc -o conftest -g -O2   conftest.c  >&5
configure:14530: $? = 0
configure:14530: result: yes
configure:14530: checking for posix_fadvise
configure:14530: gcc -o conftest -g -O2   conftest.c  >&5
configure:14530: $? = 0
configure:14530: result: yes
configure:14551: checking if luajit is a Lua interpreter
configure:14565: result: yes
configure:14575: checking whether luajit version >= 5.1, < 5.4
configure:14596: result: yes
configure:14712: checking for luajit version
configure:14723: result: 5.1
configure:14733: checking for luajit platform
configure:14740: result: unknown
configure:14750: checking for luajit script directory
configure:14800: result: ${prefix}/share/luajit-2.0.4
configure:14807: checking for luajit module directory
configure:14857: result: ${exec_prefix}/lib/lua/5.1
configure:14869: checking if LUA_VERSION is defined
configure:14872: result: yes
configure:14891: checking lua.h usability
configure:14891: gcc -c -g -O2  -I/usr/local/include/luajit-2.0/ conftest.c >&5
configure:14891: $? = 0
configure:14891: result: yes
configure:14891: checking lua.h presence
configure:14891: gcc -E  -I/usr/local/include/luajit-2.0/ conftest.c
configure:14891: $? = 0
configure:14891: result: yes
configure:14891: checking for lua.h
configure:14891: result: yes
configure:14891: checking lualib.h usability
configure:14891: gcc -c -g -O2  -I/usr/local/include/luajit-2.0/ conftest.c >&5
configure:14891: $? = 0
configure:14891: result: yes
configure:14891: checking lualib.h presence
configure:14891: gcc -E  -I/usr/local/include/luajit-2.0/ conftest.c
configure:14891: $? = 0
configure:14891: result: yes
configure:14891: checking for lualib.h
configure:14891: result: yes
configure:14891: checking lauxlib.h usability
configure:14891: gcc -c -g -O2  -I/usr/local/include/luajit-2.0/ conftest.c >&5
configure:14891: $? = 0
configure:14891: result: yes
configure:14891: checking lauxlib.h presence
configure:14891: gcc -E  -I/usr/local/include/luajit-2.0/ conftest.c
configure:14891: $? = 0
configure:14891: result: yes
configure:14891: checking for lauxlib.h
configure:14891: result: yes
configure:14891: checking luaconf.h usability
configure:14891: gcc -c -g -O2  -I/usr/local/include/luajit-2.0/ conftest.c >&5
configure:14891: $? = 0
configure:14891: result: yes
configure:14891: checking luaconf.h presence
configure:14891: gcc -E  -I/usr/local/include/luajit-2.0/ conftest.c
configure:14891: $? = 0
configure:14891: result: yes
configure:14891: checking for luaconf.h
configure:14891: result: yes
configure:14955: checking for Lua header version
configure:14982: gcc -o conftest -g -O2  -I/usr/local/include/luajit-2.0/  conftest.c  >&5
configure:14982: $? = 0
configure:14982: ./conftest
configure:14982: $? = 0
configure:14996: result: 5.1
configure:14999: checking if Lua header version matches 5.1
configure:15002: result: yes
configure:15035: checking for specl
configure:15066: result: :
configure:15078: checking for perl
configure:15096: found /usr/bin/perl
configure:15108: result: /usr/bin/perl
configure:15126: checking for ldoc
configure:15144: found /usr/local/bin/ldoc
configure:15157: result: /usr/local/bin/ldoc
configure:15288: checking that generated files are newer than configure
configure:15294: result: done
configure:15357: creating ./config.status

## ---------------------- ##
## Running config.status. ##
## ---------------------- ##

This file was extended by luaposix config.status 33.3.1, which was
generated by GNU Autoconf 2.69.  Invocation command line was

  CONFIG_FILES    = 
  CONFIG_HEADERS  = 
  CONFIG_LINKS    = 
  CONFIG_COMMANDS = 
  $ ./config.status 

on darksnake-pc

config.status:1151: creating Makefile
config.status:1151: creating build-aux/config.ld
config.status:1151: creating lib/posix/init.lua
config.status:1151: creating config.h
config.status:1380: executing depfiles commands
config.status:1380: executing libtool commands

## ---------------- ##
## Cache variables. ##
## ---------------- ##

ac_cv_build=x86_64-unknown-linux-gnu
ac_cv_c_compiler_gnu=yes
ac_cv_env_CC_set=
ac_cv_env_CC_value=
ac_cv_env_CFLAGS_set=
ac_cv_env_CFLAGS_value=
ac_cv_env_CPPFLAGS_set=
ac_cv_env_CPPFLAGS_value=
ac_cv_env_CPP_set=
ac_cv_env_CPP_value=
ac_cv_env_CURSES_LIB_set=
ac_cv_env_CURSES_LIB_value=
ac_cv_env_LDFLAGS_set=
ac_cv_env_LDFLAGS_value=
ac_cv_env_LIBS_set=
ac_cv_env_LIBS_value=
ac_cv_env_LT_SYS_LIBRARY_PATH_set=
ac_cv_env_LT_SYS_LIBRARY_PATH_value=
ac_cv_env_LUA_INCLUDE_set=set
ac_cv_env_LUA_INCLUDE_value=-I/usr/local/include/luajit-2.0/
ac_cv_env_LUA_set=set
ac_cv_env_LUA_value=luajit
ac_cv_env_build_alias_set=
ac_cv_env_build_alias_value=
ac_cv_env_host_alias_set=
ac_cv_env_host_alias_value=
ac_cv_env_target_alias_set=
ac_cv_env_target_alias_value=
ac_cv_func_gethostid=yes
ac_cv_func_msgrcv=yes
ac_cv_func_msgsnd=yes
ac_cv_func_posix_fadvise=yes
ac_cv_func_resizeterm=yes
ac_cv_func_sched_getsheduler=no
ac_cv_func_sched_setscheduler=yes
ac_cv_func_statvfs=yes
ac_cv_func_strlcpy=no
ac_cv_have_decl_fdatasync=yes
ac_cv_header_crypt_h=yes
ac_cv_header_dlfcn_h=yes
ac_cv_header_inttypes_h=yes
ac_cv_header_lauxlib_h=yes
ac_cv_header_linux_netlink_h=yes
ac_cv_header_lua_h=yes
ac_cv_header_luaconf_h=yes
ac_cv_header_lualib_h=yes
ac_cv_header_memory_h=yes
ac_cv_header_minix_config_h=no
ac_cv_header_net_if_h=yes
ac_cv_header_stdc=yes
ac_cv_header_stdint_h=yes
ac_cv_header_stdlib_h=yes
ac_cv_header_string_h=yes
ac_cv_header_strings_h=yes
ac_cv_header_sys_msg_h=yes
ac_cv_header_sys_stat_h=yes
ac_cv_header_sys_statvfs_h=yes
ac_cv_header_sys_types_h=yes
ac_cv_header_unistd_h=yes
ac_cv_host=x86_64-unknown-linux-gnu
ac_cv_lib_rt_clock_gettime=yes
ac_cv_objext=o
ac_cv_path_EGREP='/bin/grep -E'
ac_cv_path_FGREP='/bin/grep -F'
ac_cv_path_GREP=/bin/grep
ac_cv_path_LDOC=/usr/local/bin/ldoc
ac_cv_path_PERL=/usr/bin/perl
ac_cv_path_SED=/bin/sed
ac_cv_path_SPECL=:
ac_cv_path_install='/usr/bin/install -c'
ac_cv_path_lt_DD=/bin/dd
ac_cv_path_mkdir=/bin/mkdir
ac_cv_prog_AWK=gawk
ac_cv_prog_CPP='gcc -E'
ac_cv_prog_ac_ct_AR=ar
ac_cv_prog_ac_ct_CC=gcc
ac_cv_prog_ac_ct_MANIFEST_TOOL=mt
ac_cv_prog_ac_ct_OBJDUMP=objdump
ac_cv_prog_ac_ct_RANLIB=ranlib
ac_cv_prog_ac_ct_STRIP=strip
ac_cv_prog_cc_c89=
ac_cv_prog_cc_g=yes
ac_cv_prog_make_make_set=yes
ac_cv_safe_to_define___extensions__=yes
ac_cv_search_crypt=-lcrypt
ac_cv_search_socket='none required'
am_cv_CC_dependencies_compiler_type=gcc3
am_cv_ar_interface=ar
am_cv_make_support_nested_variables=yes
am_cv_prog_cc_c_o=yes
ax_cv_curses=yes
ax_cv_curses_color=yes
ax_cv_curses_enhanced=no
ax_cv_curses_obsolete=yes
ax_cv_curses_which=ncurses
ax_cv_header_ncurses_curses_h=no
ax_cv_header_ncurses_h=yes
ax_cv_lua_header_version=5.1
ax_cv_lua_luadir='${prefix}/share/luajit-2.0.4'
ax_cv_lua_luaexecdir='${exec_prefix}/lib/lua/5.1'
ax_cv_lua_platform=unknown
ax_cv_lua_version=5.1
ax_cv_ncurses=yes
ax_cv_ncursesw=no
gl_cv_c_amsterdam_compiler=no
lt_cv_ar_at_file=@
lt_cv_archive_cmds_need_lc=no
lt_cv_deplibs_check_method=pass_all
lt_cv_file_magic_cmd='$MAGIC_CMD'
lt_cv_file_magic_test_file=
lt_cv_ld_reload_flag=-r
lt_cv_nm_interface='BSD nm'
lt_cv_objdir=.libs
lt_cv_path_LD=/usr/bin/ld
lt_cv_path_NM='/usr/bin/nm -B'
lt_cv_path_mainfest_tool=no
lt_cv_prog_compiler_c_o=yes
lt_cv_prog_compiler_pic='-fPIC -DPIC'
lt_cv_prog_compiler_pic_works=yes
lt_cv_prog_compiler_rtti_exceptions=no
lt_cv_prog_compiler_static_works=yes
lt_cv_prog_gnu_ld=yes
lt_cv_sharedlib_from_linklib_cmd='printf %s\n'
lt_cv_shlibpath_overrides_runpath=no
lt_cv_sys_global_symbol_pipe='sed -n -e '\''s/^.*[	 ]\([ABCDGIRSTW][ABCDGIRSTW]*\)[	 ][	 ]*\([_A-Za-z][_A-Za-z0-9]*\)$/\1 \2 \2/p'\'' | sed '\''/ __gnu_lto/d'\'''
lt_cv_sys_global_symbol_to_c_name_address='sed -n -e '\''s/^: \(.*\) .*$/  {"\1", (void *) 0},/p'\'' -e '\''s/^[ABCDGIRSTW][ABCDGIRSTW]* .* \(.*\)$/  {"\1", (void *) \&\1},/p'\'''
lt_cv_sys_global_symbol_to_c_name_address_lib_prefix='sed -n -e '\''s/^: \(.*\) .*$/  {"\1", (void *) 0},/p'\'' -e '\''s/^[ABCDGIRSTW][ABCDGIRSTW]* .* \(lib.*\)$/  {"\1", (void *) \&\1},/p'\'' -e '\''s/^[ABCDGIRSTW][ABCDGIRSTW]* .* \(.*\)$/  {"lib\1", (void *) \&\1},/p'\'''
lt_cv_sys_global_symbol_to_cdecl='sed -n -e '\''s/^T .* \(.*\)$/extern int \1();/p'\'' -e '\''s/^[ABCDGIRSTW][ABCDGIRSTW]* .* \(.*\)$/extern char \1;/p'\'''
lt_cv_sys_global_symbol_to_import=
lt_cv_sys_max_cmd_len=1572864
lt_cv_to_host_file_cmd=func_convert_file_noop
lt_cv_to_tool_file_cmd=func_convert_file_noop
lt_cv_truncate_bin='/bin/dd bs=4096 count=1'

## ----------------- ##
## Output variables. ##
## ----------------- ##

ACLOCAL='${SHELL} /opt/nekolua/luadev/luaposix/build-aux/missing aclocal-1.15'
AMDEPBACKSLASH='\'
AMDEP_FALSE='#'
AMDEP_TRUE=''
AMTAR='$${TAR-tar}'
AM_BACKSLASH='\'
AM_DEFAULT_V='$(AM_DEFAULT_VERBOSITY)'
AM_DEFAULT_VERBOSITY='0'
AM_V='$(V)'
AR='ar'
ARFLAGS='cru'
AUTOCONF='${SHELL} /opt/nekolua/luadev/luaposix/build-aux/missing autoconf'
AUTOHEADER='${SHELL} /opt/nekolua/luadev/luaposix/build-aux/missing autoheader'
AUTOMAKE='${SHELL} /opt/nekolua/luadev/luaposix/build-aux/missing automake-1.15'
AWK='gawk'
CC='gcc'
CCDEPMODE='depmode=gcc3'
CFLAGS='-g -O2'
CPP='gcc -E'
CPPFLAGS=''
CURSES_LIB='-lncurses'
CYGPATH_W='echo'
DEFS='-DHAVE_CONFIG_H'
DEPDIR='.deps'
DLLTOOL='false'
DSYMUTIL=''
DUMPBIN=''
ECHO_C=''
ECHO_N='-n'
ECHO_T=''
EGREP='/bin/grep -E'
EXEEXT=''
FGREP='/bin/grep -F'
GL_COND_LIBTOOL_FALSE='#'
GL_COND_LIBTOOL_TRUE=''
GREP='/bin/grep'
HAVE_LDOC_FALSE='#'
HAVE_LDOC_TRUE=''
INSTALL_DATA='${INSTALL} -m 644'
INSTALL_PROGRAM='${INSTALL}'
INSTALL_SCRIPT='${INSTALL}'
INSTALL_STRIP_PROGRAM='$(install_sh) -c -s'
LD='/usr/bin/ld -m elf_x86_64'
LDFLAGS=''
LDOC='/usr/local/bin/ldoc'
LIBCRYPT='-lcrypt '
LIBOBJS=''
LIBRT='-lrt '
LIBS=''
LIBSOCKET=''
LIBTOOL='$(SHELL) $(top_builddir)/libtool'
LIBTOOL_DEPS='build-aux/ltmain.sh'
LIPO=''
LN_S='ln -s'
LTLIBOBJS=''
LT_SYS_LIBRARY_PATH=''
LUA='luajit'
LUA_EXEC_PREFIX='${exec_prefix}'
LUA_INCLUDE='-I/usr/local/include/luajit-2.0/'
LUA_PLATFORM='unknown'
LUA_PREFIX='${prefix}'
LUA_SHORT_VERSION='51'
LUA_VERSION='5.1'
MAKEINFO='${SHELL} /opt/nekolua/luadev/luaposix/build-aux/missing makeinfo'
MANIFEST_TOOL=':'
MKDIR_P='/bin/mkdir -p'
NM='/usr/bin/nm -B'
NMEDIT=''
OBJDUMP='objdump'
OBJEXT='o'
OTOOL64=''
OTOOL=''
PACKAGE='luaposix'
PACKAGE_BUGREPORT='http://github.com/luaposix/luaposix/issues'
PACKAGE_NAME='luaposix'
PACKAGE_STRING='luaposix 33.3.1'
PACKAGE_TARNAME='luaposix'
PACKAGE_URL=''
PACKAGE_VERSION='33.3.1'
PATH_SEPARATOR=':'
PERL='/usr/bin/perl'
POSIX_EXTRA_CPPFLAGS='-D_XOPEN_SOURCE=700'
RANLIB='ranlib'
SED='/bin/sed'
SET_MAKE=''
SHELL='/bin/bash'
SPECL=':'
STRIP='strip'
VERSION='33.3.1'
WARN_CFLAGS=''
WERROR_CFLAGS=''
ac_ct_AR='ar'
ac_ct_CC='gcc'
ac_ct_DUMPBIN=''
am__EXEEXT_FALSE=''
am__EXEEXT_TRUE='#'
am__fastdepCC_FALSE='#'
am__fastdepCC_TRUE=''
am__include='include'
am__isrc=''
am__leading_dot='.'
am__nodep='_no'
am__quote=''
am__tar='$${TAR-tar} chof - "$$tardir"'
am__untar='$${TAR-tar} xf -'
bindir='${exec_prefix}/bin'
build='x86_64-unknown-linux-gnu'
build_alias=''
build_cpu='x86_64'
build_os='linux-gnu'
build_vendor='unknown'
datadir='${datarootdir}'
datarootdir='${prefix}/share'
docdir='${datarootdir}/doc/${PACKAGE_TARNAME}'
dvidir='${docdir}'
exec_prefix='${prefix}'
gl_LIBOBJS=''
gl_LTLIBOBJS=''
gltests_LIBOBJS=''
gltests_LTLIBOBJS=''
gltests_WITNESS='IN_LUAPOSIX_GNULIB_TESTS'
host='x86_64-unknown-linux-gnu'
host_alias=''
host_cpu='x86_64'
host_os='linux-gnu'
host_vendor='unknown'
htmldir='${docdir}'
includedir='${prefix}/include'
infodir='${datarootdir}/info'
install_sh='${SHELL} /opt/nekolua/luadev/luaposix/build-aux/install-sh'
libdir='${exec_prefix}/lib'
libexecdir='${exec_prefix}/libexec'
localedir='${datarootdir}/locale'
localstatedir='${prefix}/var'
luadir='${prefix}/share/luajit-2.0.4'
luaexecdir='${exec_prefix}/lib/lua/5.1'
mandir='${datarootdir}/man'
mkdir_p='$(MKDIR_P)'
objdir='.libs'
oldincludedir='/usr/include'
pdfdir='${docdir}'
pkgluadir='${luadir}/luaposix'
pkgluaexecdir='${luaexecdir}/luaposix'
prefix='/usr/local'
program_transform_name='s,x,x,'
psdir='${docdir}'
sbindir='${exec_prefix}/sbin'
sharedstatedir='${prefix}/com'
shrext='.so'
sysconfdir='${prefix}/etc'
target_alias=''

## ----------- ##
## confdefs.h. ##
## ----------- ##

/* confdefs.h */
#define PACKAGE_NAME "luaposix"
#define PACKAGE_TARNAME "luaposix"
#define PACKAGE_VERSION "33.3.1"
#define PACKAGE_STRING "luaposix 33.3.1"
#define PACKAGE_BUGREPORT "http://github.com/luaposix/luaposix/issues"
#define PACKAGE_URL ""
#define PACKAGE "luaposix"
#define VERSION "33.3.1"
#define STDC_HEADERS 1
#define HAVE_SYS_TYPES_H 1
#define HAVE_SYS_STAT_H 1
#define HAVE_STDLIB_H 1
#define HAVE_STRING_H 1
#define HAVE_MEMORY_H 1
#define HAVE_STRINGS_H 1
#define HAVE_INTTYPES_H 1
#define HAVE_STDINT_H 1
#define HAVE_UNISTD_H 1
#define __EXTENSIONS__ 1
#define _ALL_SOURCE 1
#define _GNU_SOURCE 1
#define _POSIX_PTHREAD_SEMANTICS 1
#define _TANDEM_SOURCE 1
#define HAVE_DLFCN_H 1
#define LT_OBJDIR ".libs/"
#define STDC_HEADERS 1
#define HAVE_CRYPT_H 1
#define HAVE_STRINGS_H 1
#define HAVE_SYS_STATVFS_H 1
#define HAVE_NET_IF_H 1
#define HAVE_LINUX_NETLINK_H 1
#define HAVE_SYS_MSG_H 1
#define HAVE_MSGRCV 1
#define HAVE_MSGSND 1
#define HAVE_SYSV_MESSAGING 1
#define HAVE_DECL_FDATASYNC 1
#define HAVE_CRYPT 1
#define HAVE_LIBRT 1
#define HAVE_NCURSES 1
#define HAVE_CURSES 1
#define HAVE_CURSES_COLOR 1
#define HAVE_CURSES_OBSOLETE 1
#define HAVE_NCURSES_H 1
#define HAVE_RESIZETERM 1
#define HAVE_SCHED_SETSCHEDULER 1
#define HAVE_STATVFS 1
#define HAVE_GETHOSTID 1
#define HAVE_POSIX_FADVISE 1
#define HAVE_LUA_H 1
#define HAVE_LUALIB_H 1
#define HAVE_LAUXLIB_H 1
#define HAVE_LUACONF_H 1

configure: exit 0
